<?xml version="1.0" encoding="UTF-8"?>
<testng-results ignored="0" total="1" passed="1" failed="0" skipped="0">
  <reporter-output>
  </reporter-output>
  <suite started-at="2019-11-21T09:33:51 IST" name="Suite" finished-at="2019-11-21T09:33:54 IST" duration-ms="2820">
    <groups>
    </groups>
    <test started-at="2019-11-21T09:33:51 IST" name="Test" finished-at="2019-11-21T09:33:54 IST" duration-ms="2820">
      <class name="actitime.Actitime01">
        <test-method signature="login()[pri:0, instance:actitime.Actitime01@3ee0fea4]" started-at="2019-11-21T09:33:51 IST" name="login" finished-at="2019-11-21T09:33:54 IST" duration-ms="2768" status="PASS">
          <reporter-output>
          </reporter-output>
        </test-method> <!-- login -->
      </class> <!-- actitime.Actitime01 -->
    </test> <!-- Test -->
  </suite> <!-- Suite -->
</testng-results>
